# JRE version: Java(TM) SE Runtime Environment (7.0_75-b13) (build 1.7.0_75-b13)
# Java VM: Java HotSpot(TM) 64-Bit Server VM (24.75-b04 mixed mode linux-amd64 compressed oops)
Heap
 PSYoungGen      total 304128K, used 304050K [0x00000000e0000000, 0x00000000fcf80000, 0x0000000100000000)
  eden space 245248K, 100% used [0x00000000e0000000,0x00000000eef80000,0x00000000eef80000)
  from space 58880K, 99% used [0x00000000f8800000,0x00000000fc16c938,0x00000000fc180000)
  to   space 14336K, 99% used [0x00000000fc180000,0x00000000fcf7e990,0x00000000fcf80000)
 ParOldGen       total 349696K, used 69443K [0x00000000a0000000, 0x00000000b5580000, 0x00000000e0000000)
  object space 349696K, 19% used [0x00000000a0000000,0x00000000a43dac78,0x00000000b5580000)
 PSPermGen       total 112640K, used 112228K [0x0000000080000000, 0x0000000086e00000, 0x00000000a0000000)
  object space 112640K, 99% used [0x0000000080000000,0x0000000086d990e0,0x0000000086e00000)
GC Heap History (10 events):
Event: 24.683 GC heap after
Heap after GC invocations=5 (full 0):
 PSYoungGen      total 153600K, used 21481K [0x00000000e0000000, 0x00000000f4100000, 0x0000000100000000)
  eden space 132096K, 0% used [0x00000000e0000000,0x00000000e0000000,0x00000000e8100000)
  from space 21504K, 99% used [0x00000000e8100000,0x00000000e95fa4a8,0x00000000e9600000)
  to   space 32256K, 0% used [0x00000000f2180000,0x00000000f2180000,0x00000000f4100000)
 ParOldGen       total 349696K, used 9815K [0x00000000a0000000, 0x00000000b5580000, 0x00000000e0000000)
  object space 349696K, 2% used [0x00000000a0000000,0x00000000a0995ca0,0x00000000b5580000)
 PSPermGen       total 58880K, used 58597K [0x0000000080000000, 0x0000000083980000, 0x00000000a0000000)
  object space 58880K, 99% used [0x0000000080000000,0x0000000083939460,0x0000000083980000)
}
Event: 9063.942 GC heap before
{Heap before GC invocations=6 (full 0):
 PSYoungGen      total 153600K, used 153577K [0x00000000e0000000, 0x00000000f4100000, 0x0000000100000000)
  eden space 132096K, 100% used [0x00000000e0000000,0x00000000e8100000,0x00000000e8100000)
  from space 21504K, 99% used [0x00000000e8100000,0x00000000e95fa4a8,0x00000000e9600000)
  to   space 32256K, 0% used [0x00000000f2180000,0x00000000f2180000,0x00000000f4100000)
 ParOldGen       total 349696K, used 9815K [0x00000000a0000000, 0x00000000b5580000, 0x00000000e0000000)
  object space 349696K, 2% used [0x00000000a0000000,0x00000000a0995ca0,0x00000000b5580000)
 PSPermGen       total 65536K, used 65289K [0x0000000080000000, 0x0000000084000000, 0x00000000a0000000)
  object space 65536K, 99% used [0x0000000080000000,0x0000000083fc24f0,0x0000000084000000)
Event: 9063.967 GC heap after
Heap after GC invocations=6 (full 0):
 PSYoungGen      total 294400K, used 27665K [0x00000000e0000000, 0x00000000f4500000, 0x0000000100000000)
  eden space 262144K, 0% used [0x00000000e0000000,0x00000000e0000000,0x00000000f0000000)
  from space 32256K, 85% used [0x00000000f2180000,0x00000000f3c84440,0x00000000f4100000)
  to   space 34304K, 0% used [0x00000000f0000000,0x00000000f0000000,0x00000000f2180000)
 ParOldGen       total 349696K, used 9823K [0x00000000a0000000, 0x00000000b5580000, 0x00000000e0000000)
  object space 349696K, 2% used [0x00000000a0000000,0x00000000a0997ca0,0x00000000b5580000)
 PSPermGen       total 65536K, used 65289K [0x0000000080000000, 0x0000000084000000, 0x00000000a0000000)
  object space 65536K, 99% used [0x0000000080000000,0x0000000083fc24f0,0x0000000084000000)
}
Event: 10237.964 GC heap before
{Heap before GC invocations=7 (full 0):
 PSYoungGen      total 294400K, used 289809K [0x00000000e0000000, 0x00000000f4500000, 0x0000000100000000)
  eden space 262144K, 100% used [0x00000000e0000000,0x00000000f0000000,0x00000000f0000000)
  from space 32256K, 85% used [0x00000000f2180000,0x00000000f3c84440,0x00000000f4100000)
  to   space 34304K, 0% used [0x00000000f0000000,0x00000000f0000000,0x00000000f2180000)
 ParOldGen       total 349696K, used 9823K [0x00000000a0000000, 0x00000000b5580000, 0x00000000e0000000)
  object space 349696K, 2% used [0x00000000a0000000,0x00000000a0997ca0,0x00000000b5580000)
 PSPermGen       total 82944K, used 82847K [0x0000000080000000, 0x0000000085100000, 0x00000000a0000000)
  object space 82944K, 99% used [0x0000000080000000,0x00000000850e7ec8,0x0000000085100000)
Event: 10238.000 GC heap after
Heap after GC invocations=7 (full 0):
 PSYoungGen      total 296448K, used 34296K [0x00000000e0000000, 0x0000000100000000, 0x0000000100000000)
  eden space 262144K, 0% used [0x00000000e0000000,0x00000000e0000000,0x00000000f0000000)
  from space 34304K, 99% used [0x00000000f0000000,0x00000000f217e1f0,0x00000000f2180000)
  to   space 50176K, 0% used [0x00000000fcf00000,0x00000000fcf00000,0x0000000100000000)
 ParOldGen       total 349696K, used 32230K [0x00000000a0000000, 0x00000000b5580000, 0x00000000e0000000)
  object space 349696K, 9% used [0x00000000a0000000,0x00000000a1f79b90,0x00000000b5580000)
 PSPermGen       total 82944K, used 82847K [0x0000000080000000, 0x0000000085100000, 0x00000000a0000000)
  object space 82944K, 99% used [0x0000000080000000,0x00000000850e7ec8,0x0000000085100000)
}
Event: 10322.976 GC heap before
{Heap before GC invocations=8 (full 0):
 PSYoungGen      total 296448K, used 296440K [0x00000000e0000000, 0x0000000100000000, 0x0000000100000000)
  eden space 262144K, 100% used [0x00000000e0000000,0x00000000f0000000,0x00000000f0000000)
  from space 34304K, 99% used [0x00000000f0000000,0x00000000f217e1f0,0x00000000f2180000)
  to   space 50176K, 0% used [0x00000000fcf00000,0x00000000fcf00000,0x0000000100000000)
 ParOldGen       total 349696K, used 32230K [0x00000000a0000000, 0x00000000b5580000, 0x00000000e0000000)
  object space 349696K, 9% used [0x00000000a0000000,0x00000000a1f79b90,0x00000000b5580000)
 PSPermGen       total 111104K, used 110842K [0x0000000080000000, 0x0000000086c80000, 0x00000000a0000000)
  object space 111104K, 99% used [0x0000000080000000,0x0000000086c3e9f8,0x0000000086c80000)
Event: 10323.014 GC heap after
Heap after GC invocations=8 (full 0):
 PSYoungGen      total 303616K, used 50153K [0x00000000e0000000, 0x0000000100000000, 0x0000000100000000)
  eden space 253440K, 0% used [0x00000000e0000000,0x00000000e0000000,0x00000000ef780000)
  from space 50176K, 99% used [0x00000000fcf00000,0x00000000ffffa7d8,0x0000000100000000)
  to   space 61440K, 0% used [0x00000000f8800000,0x00000000f8800000,0x00000000fc400000)
 ParOldGen       total 349696K, used 40431K [0x00000000a0000000, 0x00000000b5580000, 0x00000000e0000000)
  object space 349696K, 11% used [0x00000000a0000000,0x00000000a277bfc8,0x00000000b5580000)
 PSPermGen       total 111104K, used 110842K [0x0000000080000000, 0x0000000086c80000, 0x00000000a0000000)
  object space 111104K, 99% used [0x0000000080000000,0x0000000086c3e9f8,0x0000000086c80000)
}
Event: 11110.351 GC heap before
{Heap before GC invocations=9 (full 0):
 PSYoungGen      total 303616K, used 303593K [0x00000000e0000000, 0x0000000100000000, 0x0000000100000000)
  eden space 253440K, 100% used [0x00000000e0000000,0x00000000ef780000,0x00000000ef780000)
  from space 50176K, 99% used [0x00000000fcf00000,0x00000000ffffa7d8,0x0000000100000000)
  to   space 61440K, 0% used [0x00000000f8800000,0x00000000f8800000,0x00000000fc400000)
 ParOldGen       total 349696K, used 40431K [0x00000000a0000000, 0x00000000b5580000, 0x00000000e0000000)
  object space 349696K, 11% used [0x00000000a0000000,0x00000000a277bfc8,0x00000000b5580000)
 PSPermGen       total 111616K, used 111418K [0x0000000080000000, 0x0000000086d00000, 0x00000000a0000000)
  object space 111616K, 99% used [0x0000000080000000,0x0000000086cce980,0x0000000086d00000)
Event: 11110.412 GC heap after
Heap after GC invocations=9 (full 0):
 PSYoungGen      total 304128K, used 58802K [0x00000000e0000000, 0x00000000fcf80000, 0x0000000100000000)
  eden space 245248K, 0% used [0x00000000e0000000,0x00000000e0000000,0x00000000eef80000)
  from space 58880K, 99% used [0x00000000f8800000,0x00000000fc16c938,0x00000000fc180000)
  to   space 14336K, 0% used [0x00000000fc180000,0x00000000fc180000,0x00000000fcf80000)
 ParOldGen       total 349696K, used 49368K [0x00000000a0000000, 0x00000000b5580000, 0x00000000e0000000)
  object space 349696K, 14% used [0x00000000a0000000,0x00000000a30360d8,0x00000000b5580000)
 PSPermGen       total 111616K, used 111418K [0x0000000080000000, 0x0000000086d00000, 0x00000000a0000000)
  object space 111616K, 99% used [0x0000000080000000,0x0000000086cce980,0x0000000086d00000)
}
Event: 11135.190 GC heap before
{Heap before GC invocations=10 (full 0):
 PSYoungGen      total 304128K, used 304050K [0x00000000e0000000, 0x00000000fcf80000, 0x0000000100000000)
  eden space 245248K, 100% used [0x00000000e0000000,0x00000000eef80000,0x00000000eef80000)
  from space 58880K, 99% used [0x00000000f8800000,0x00000000fc16c938,0x00000000fc180000)
  to   space 14336K, 0% used [0x00000000fc180000,0x00000000fc180000,0x00000000fcf80000)
 ParOldGen       total 349696K, used 49368K [0x00000000a0000000, 0x00000000b5580000, 0x00000000e0000000)
  object space 349696K, 14% used [0x00000000a0000000,0x00000000a30360d8,0x00000000b5580000)
 PSPermGen       total 112640K, used 112228K [0x0000000080000000, 0x0000000086e00000, 0x00000000a0000000)
  object space 112640K, 99% used [0x0000000080000000,0x0000000086d990e0,0x0000000086e00000)

